{"C:\\Users\\cokol\\Documents\\Uczelnia\\Praca\\repos\\module-bundler\\src\\path-utils.ts": {"path":"C:\\Users\\cokol\\Documents\\Uczelnia\\Praca\\repos\\module-bundler\\src\\path-utils.ts","statementMap":{"0":{"start":{"line":1,"column":0},"end":{"line":1,"column":24}},"1":{"start":{"line":2,"column":0},"end":{"line":2,"column":20}},"2":{"start":{"line":3,"column":0},"end":{"line":3,"column":28}},"3":{"start":{"line":7,"column":4},"end":{"line":7,"column":100}},"4":{"start":{"line":7,"column":35},"end":{"line":7,"column":98}},"5":{"start":{"line":6,"column":0},"end":{"line":6,"column":16}},"6":{"start":{"line":11,"column":4},"end":{"line":11,"column":90}},"7":{"start":{"line":11,"column":36},"end":{"line":11,"column":88}},"8":{"start":{"line":12,"column":4},"end":{"line":12,"column":24}},"9":{"start":{"line":10,"column":0},"end":{"line":10,"column":16}},"10":{"start":{"line":16,"column":4},"end":{"line":16,"column":74}},"11":{"start":{"line":15,"column":0},"end":{"line":15,"column":16}},"12":{"start":{"line":20,"column":4},"end":{"line":28,"column":null}},"13":{"start":{"line":21,"column":8},"end":{"line":23,"column":null}},"14":{"start":{"line":22,"column":12},"end":{"line":22,"column":25}},"15":{"start":{"line":25,"column":8},"end":{"line":27,"column":null}},"16":{"start":{"line":26,"column":12},"end":{"line":26,"column":24}},"17":{"start":{"line":30,"column":4},"end":{"line":32,"column":null}},"18":{"start":{"line":31,"column":8},"end":{"line":31,"column":20}},"19":{"start":{"line":34,"column":4},"end":{"line":34,"column":60}},"20":{"start":{"line":19,"column":0},"end":{"line":19,"column":16}},"21":{"start":{"line":50,"column":4},"end":{"line":55,"column":null}},"22":{"start":{"line":51,"column":8},"end":{"line":53,"column":null}},"23":{"start":{"line":52,"column":12},"end":{"line":52,"column":38}},"24":{"start":{"line":54,"column":8},"end":{"line":54,"column":44}},"25":{"start":{"line":57,"column":4},"end":{"line":59,"column":null}},"26":{"start":{"line":58,"column":8},"end":{"line":58,"column":26}},"27":{"start":{"line":61,"column":4},"end":{"line":63,"column":null}},"28":{"start":{"line":62,"column":8},"end":{"line":62,"column":49}},"29":{"start":{"line":65,"column":4},"end":{"line":65,"column":40}},"30":{"start":{"line":71,"column":4},"end":{"line":71,"column":48}},"31":{"start":{"line":72,"column":4},"end":{"line":72,"column":62}},"32":{"start":{"line":73,"column":4},"end":{"line":73,"column":44}},"33":{"start":{"line":76,"column":4},"end":{"line":81,"column":null}},"34":{"start":{"line":77,"column":8},"end":{"line":79,"column":null}},"35":{"start":{"line":78,"column":12},"end":{"line":78,"column":53}},"36":{"start":{"line":80,"column":8},"end":{"line":80,"column":26}},"37":{"start":{"line":83,"column":4},"end":{"line":89,"column":null}},"38":{"start":{"line":84,"column":24},"end":{"line":84,"column":81}},"39":{"start":{"line":85,"column":8},"end":{"line":87,"column":null}},"40":{"start":{"line":86,"column":12},"end":{"line":86,"column":53}},"41":{"start":{"line":88,"column":8},"end":{"line":88,"column":23}},"42":{"start":{"line":91,"column":4},"end":{"line":93,"column":null}},"43":{"start":{"line":92,"column":8},"end":{"line":92,"column":47}},"44":{"start":{"line":95,"column":20},"end":{"line":95,"column":44}},"45":{"start":{"line":97,"column":4},"end":{"line":104,"column":null}},"46":{"start":{"line":98,"column":8},"end":{"line":103,"column":null}},"47":{"start":{"line":99,"column":34},"end":{"line":99,"column":79}},"48":{"start":{"line":100,"column":12},"end":{"line":102,"column":22}},"49":{"start":{"line":101,"column":16},"end":{"line":101,"column":114}},"50":{"start":{"line":106,"column":4},"end":{"line":112,"column":null}},"51":{"start":{"line":107,"column":24},"end":{"line":107,"column":68}},"52":{"start":{"line":108,"column":27},"end":{"line":108,"column":58}},"53":{"start":{"line":109,"column":8},"end":{"line":111,"column":null}},"54":{"start":{"line":110,"column":12},"end":{"line":110,"column":30}},"55":{"start":{"line":114,"column":4},"end":{"line":114,"column":45}},"56":{"start":{"line":118,"column":4},"end":{"line":118,"column":128}},"57":{"start":{"line":117,"column":0},"end":{"line":117,"column":16}}},"fnMap":{"0":{"name":"isPathRelative","decl":{"start":{"line":6,"column":16},"end":{"line":6,"column":30}},"loc":{"start":{"line":6,"column":51},"end":{"line":8,"column":1}}},"1":{"name":"(anonymous_2)","decl":{"start":{"line":7,"column":28},"end":{"line":7,"column":31}},"loc":{"start":{"line":7,"column":35},"end":{"line":7,"column":98}}},"2":{"name":"normalizeSeparator","decl":{"start":{"line":10,"column":16},"end":{"line":10,"column":34}},"loc":{"start":{"line":10,"column":55},"end":{"line":13,"column":1}}},"3":{"name":"(anonymous_4)","decl":{"start":{"line":11,"column":27},"end":{"line":11,"column":32}},"loc":{"start":{"line":11,"column":36},"end":{"line":11,"column":88}}},"4":{"name":"hashPath","decl":{"start":{"line":15,"column":16},"end":{"line":15,"column":24}},"loc":{"start":{"line":15,"column":37},"end":{"line":17,"column":1}}},"5":{"name":"doesModuleExists","decl":{"start":{"line":19,"column":16},"end":{"line":19,"column":32}},"loc":{"start":{"line":19,"column":51},"end":{"line":37,"column":1}}},"6":{"name":"resolveToExactFile","decl":{"start":{"line":49,"column":9},"end":{"line":49,"column":27}},"loc":{"start":{"line":49,"column":46},"end":{"line":66,"column":1}}},"7":{"name":"resolvePathInternal","decl":{"start":{"line":70,"column":9},"end":{"line":70,"column":28}},"loc":{"start":{"line":70,"column":151},"end":{"line":115,"column":1}}},"8":{"name":"resolvePath","decl":{"start":{"line":117,"column":16},"end":{"line":117,"column":27}},"loc":{"start":{"line":117,"column":150},"end":{"line":119,"column":1}}}},"branchMap":{"0":{"loc":{"start":{"line":7,"column":35},"end":{"line":7,"column":55}},"type":"binary-expr","locations":[{"start":{"line":7,"column":35},"end":{"line":7,"column":55}},{"start":{"line":7,"column":59},"end":{"line":7,"column":98}}]},"1":{"loc":{"start":{"line":20,"column":4},"end":{"line":28,"column":null}},"type":"if","locations":[{"start":{"line":20,"column":4},"end":{"line":28,"column":null}},{"start":{"line":20,"column":4},"end":{"line":28,"column":null}}]},"2":{"loc":{"start":{"line":21,"column":8},"end":{"line":23,"column":null}},"type":"if","locations":[{"start":{"line":21,"column":8},"end":{"line":23,"column":null}},{"start":{"line":21,"column":8},"end":{"line":23,"column":null}}]},"3":{"loc":{"start":{"line":25,"column":8},"end":{"line":27,"column":null}},"type":"if","locations":[{"start":{"line":25,"column":8},"end":{"line":27,"column":null}},{"start":{"line":25,"column":8},"end":{"line":27,"column":null}}]},"4":{"loc":{"start":{"line":30,"column":4},"end":{"line":32,"column":null}},"type":"if","locations":[{"start":{"line":30,"column":4},"end":{"line":32,"column":null}},{"start":{"line":30,"column":4},"end":{"line":32,"column":null}}]},"5":{"loc":{"start":{"line":50,"column":4},"end":{"line":55,"column":null}},"type":"if","locations":[{"start":{"line":50,"column":4},"end":{"line":55,"column":null}},{"start":{"line":50,"column":4},"end":{"line":55,"column":null}}]},"6":{"loc":{"start":{"line":51,"column":8},"end":{"line":53,"column":null}},"type":"if","locations":[{"start":{"line":51,"column":8},"end":{"line":53,"column":null}},{"start":{"line":51,"column":8},"end":{"line":53,"column":null}}]},"7":{"loc":{"start":{"line":57,"column":4},"end":{"line":59,"column":null}},"type":"if","locations":[{"start":{"line":57,"column":4},"end":{"line":59,"column":null}},{"start":{"line":57,"column":4},"end":{"line":59,"column":null}}]},"8":{"loc":{"start":{"line":61,"column":4},"end":{"line":63,"column":null}},"type":"if","locations":[{"start":{"line":61,"column":4},"end":{"line":63,"column":null}},{"start":{"line":61,"column":4},"end":{"line":63,"column":null}}]},"9":{"loc":{"start":{"line":61,"column":8},"end":{"line":61,"column":56}},"type":"binary-expr","locations":[{"start":{"line":61,"column":8},"end":{"line":61,"column":56}},{"start":{"line":61,"column":60},"end":{"line":61,"column":107}}]},"10":{"loc":{"start":{"line":76,"column":4},"end":{"line":81,"column":null}},"type":"if","locations":[{"start":{"line":76,"column":4},"end":{"line":81,"column":null}},{"start":{"line":76,"column":4},"end":{"line":81,"column":null}}]},"11":{"loc":{"start":{"line":77,"column":8},"end":{"line":79,"column":null}},"type":"if","locations":[{"start":{"line":77,"column":8},"end":{"line":79,"column":null}},{"start":{"line":77,"column":8},"end":{"line":79,"column":null}}]},"12":{"loc":{"start":{"line":83,"column":4},"end":{"line":89,"column":null}},"type":"if","locations":[{"start":{"line":83,"column":4},"end":{"line":89,"column":null}},{"start":{"line":83,"column":4},"end":{"line":89,"column":null}}]},"13":{"loc":{"start":{"line":85,"column":8},"end":{"line":87,"column":null}},"type":"if","locations":[{"start":{"line":85,"column":8},"end":{"line":87,"column":null}},{"start":{"line":85,"column":8},"end":{"line":87,"column":null}}]},"14":{"loc":{"start":{"line":91,"column":4},"end":{"line":93,"column":null}},"type":"if","locations":[{"start":{"line":91,"column":4},"end":{"line":93,"column":null}},{"start":{"line":91,"column":4},"end":{"line":93,"column":null}}]},"15":{"loc":{"start":{"line":98,"column":8},"end":{"line":103,"column":null}},"type":"if","locations":[{"start":{"line":98,"column":8},"end":{"line":103,"column":null}},{"start":{"line":98,"column":8},"end":{"line":103,"column":null}}]},"16":{"loc":{"start":{"line":109,"column":8},"end":{"line":111,"column":null}},"type":"if","locations":[{"start":{"line":109,"column":8},"end":{"line":111,"column":null}},{"start":{"line":109,"column":8},"end":{"line":111,"column":null}}]}},"s":{"0":1,"1":1,"2":1,"3":3,"4":5,"5":1,"6":16,"7":32,"8":16,"9":1,"10":2,"11":1,"12":5,"13":4,"14":1,"15":3,"16":3,"17":1,"18":0,"19":1,"20":1,"21":4,"22":3,"23":3,"24":0,"25":1,"26":0,"27":1,"28":1,"29":0,"30":4,"31":4,"32":4,"33":4,"34":1,"35":0,"36":1,"37":3,"38":1,"39":1,"40":0,"41":1,"42":2,"43":1,"44":1,"45":1,"46":0,"47":0,"48":0,"49":0,"50":1,"51":1,"52":1,"53":1,"54":1,"55":0,"56":4,"57":1},"f":{"0":3,"1":5,"2":16,"3":32,"4":2,"5":5,"6":4,"7":4,"8":4},"b":{"0":[5,5],"1":[4,1],"2":[1,3],"3":[3,0],"4":[0,1],"5":[3,1],"6":[3,0],"7":[0,1],"8":[1,0],"9":[1,1],"10":[1,3],"11":[0,1],"12":[1,2],"13":[0,1],"14":[1,1],"15":[0,0],"16":[1,0]}}
,"C:\\Users\\cokol\\Documents\\Uczelnia\\Praca\\repos\\module-bundler\\src\\transform-module.ts": {"path":"C:\\Users\\cokol\\Documents\\Uczelnia\\Praca\\repos\\module-bundler\\src\\transform-module.ts","statementMap":{"0":{"start":{"line":9,"column":4},"end":{"line":9,"column":16}},"1":{"start":{"line":7,"column":0},"end":{"line":7,"column":16}}},"fnMap":{"0":{"name":"transformModule","decl":{"start":{"line":7,"column":16},"end":{"line":7,"column":31}},"loc":{"start":{"line":7,"column":68},"end":{"line":10,"column":1}}}},"branchMap":{},"s":{"0":0,"1":0},"f":{"0":0},"b":{}}
}
