TN:
SF:src\path-utils.ts
FN:6,isPathRelative
FN:7,(anonymous_2)
FN:10,normalizeSeparator
FN:11,(anonymous_4)
FN:15,hashPath
FN:19,doesModuleExists
FN:49,resolveToExactFile
FN:70,resolvePathInternal
FN:117,resolvePath
FNF:9
FNH:9
FNDA:3,isPathRelative
FNDA:5,(anonymous_2)
FNDA:16,normalizeSeparator
FNDA:32,(anonymous_4)
FNDA:2,hashPath
FNDA:5,doesModuleExists
FNDA:4,resolveToExactFile
FNDA:4,resolvePathInternal
FNDA:4,resolvePath
DA:1,1
DA:2,1
DA:3,1
DA:6,1
DA:7,5
DA:10,1
DA:11,32
DA:12,16
DA:15,1
DA:16,2
DA:19,1
DA:20,5
DA:21,4
DA:22,1
DA:25,3
DA:26,3
DA:30,1
DA:31,0
DA:34,1
DA:50,4
DA:51,3
DA:52,3
DA:54,0
DA:57,1
DA:58,0
DA:61,1
DA:62,1
DA:65,0
DA:71,4
DA:72,4
DA:73,4
DA:76,4
DA:77,1
DA:78,0
DA:80,1
DA:83,3
DA:84,1
DA:85,1
DA:86,0
DA:88,1
DA:91,2
DA:92,1
DA:95,1
DA:97,1
DA:98,0
DA:99,0
DA:100,0
DA:101,0
DA:106,1
DA:107,1
DA:108,1
DA:109,1
DA:110,1
DA:114,0
DA:117,1
DA:118,4
LF:56
LH:45
BRDA:7,0,0,5
BRDA:7,0,1,5
BRDA:20,1,0,4
BRDA:20,1,1,1
BRDA:21,2,0,1
BRDA:21,2,1,3
BRDA:25,3,0,3
BRDA:25,3,1,0
BRDA:30,4,0,0
BRDA:30,4,1,1
BRDA:50,5,0,3
BRDA:50,5,1,1
BRDA:51,6,0,3
BRDA:51,6,1,0
BRDA:57,7,0,0
BRDA:57,7,1,1
BRDA:61,8,0,1
BRDA:61,8,1,0
BRDA:61,9,0,1
BRDA:61,9,1,1
BRDA:76,10,0,1
BRDA:76,10,1,3
BRDA:77,11,0,0
BRDA:77,11,1,1
BRDA:83,12,0,1
BRDA:83,12,1,2
BRDA:85,13,0,0
BRDA:85,13,1,1
BRDA:91,14,0,1
BRDA:91,14,1,1
BRDA:98,15,0,0
BRDA:98,15,1,0
BRDA:109,16,0,1
BRDA:109,16,1,0
BRF:34
BRH:24
end_of_record
TN:
SF:src\transform-module.ts
FN:7,transformModule
FNF:1
FNH:0
FNDA:0,transformModule
DA:7,0
DA:9,0
LF:2
LH:0
BRF:0
BRH:0
end_of_record
